{"/Users/yuliaraitsyna/Frontend/rsschool-react/src/App.tsx": {"path":"/Users/yuliaraitsyna/Frontend/rsschool-react/src/App.tsx","statementMap":{"0":{"start":{"line":1,"column":0},"end":{"line":1,"column":53}},"1":{"start":{"line":2,"column":0},"end":{"line":2,"column":48}},"2":{"start":{"line":3,"column":0},"end":{"line":3,"column":42}},"3":{"start":{"line":4,"column":0},"end":{"line":4,"column":55}},"4":{"start":{"line":5,"column":0},"end":{"line":5,"column":60}},"5":{"start":{"line":6,"column":0},"end":{"line":6,"column":51}},"6":{"start":{"line":7,"column":0},"end":{"line":7,"column":69}},"7":{"start":{"line":8,"column":0},"end":{"line":8,"column":59}},"8":{"start":{"line":9,"column":0},"end":{"line":9,"column":48}},"9":{"start":{"line":10,"column":0},"end":{"line":10,"column":55}},"10":{"start":{"line":11,"column":0},"end":{"line":11,"column":50}},"11":{"start":{"line":13,"column":0},"end":{"line":13,"column":60}},"12":{"start":{"line":14,"column":0},"end":{"line":14,"column":46}},"13":{"start":{"line":15,"column":0},"end":{"line":15,"column":37}},"14":{"start":{"line":16,"column":0},"end":{"line":16,"column":22}},"15":{"start":{"line":18,"column":22},"end":{"line":104,"column":1}},"16":{"start":{"line":19,"column":46},"end":{"line":19,"column":81}},"17":{"start":{"line":20,"column":23},"end":{"line":20,"column":47}},"18":{"start":{"line":22,"column":22},"end":{"line":22,"column":80}},"19":{"start":{"line":22,"column":56},"end":{"line":22,"column":79}},"20":{"start":{"line":23,"column":16},"end":{"line":23,"column":77}},"21":{"start":{"line":23,"column":50},"end":{"line":23,"column":76}},"22":{"start":{"line":25,"column":19},"end":{"line":25,"column":32}},"23":{"start":{"line":27,"column":19},"end":{"line":27,"column":32}},"24":{"start":{"line":28,"column":19},"end":{"line":28,"column":32}},"25":{"start":{"line":30,"column":16},"end":{"line":30,"column":52}},"26":{"start":{"line":31,"column":20},"end":{"line":31,"column":37}},"27":{"start":{"line":32,"column":23},"end":{"line":32,"column":43}},"28":{"start":{"line":34,"column":37},"end":{"line":34,"column":71}},"29":{"start":{"line":36,"column":2},"end":{"line":40,"column":28}},"30":{"start":{"line":37,"column":4},"end":{"line":39,"column":5}},"31":{"start":{"line":38,"column":6},"end":{"line":38,"column":46}},"32":{"start":{"line":42,"column":2},"end":{"line":52,"column":64}},"33":{"start":{"line":43,"column":4},"end":{"line":49,"column":5}},"34":{"start":{"line":44,"column":6},"end":{"line":44,"column":58}},"35":{"start":{"line":45,"column":6},"end":{"line":45,"column":39}},"36":{"start":{"line":47,"column":9},"end":{"line":49,"column":5}},"37":{"start":{"line":48,"column":6},"end":{"line":48,"column":18}},"38":{"start":{"line":51,"column":4},"end":{"line":51,"column":38}},"39":{"start":{"line":54,"column":2},"end":{"line":60,"column":21}},"40":{"start":{"line":55,"column":4},"end":{"line":59,"column":5}},"41":{"start":{"line":56,"column":6},"end":{"line":56,"column":52}},"42":{"start":{"line":58,"column":6},"end":{"line":58,"column":30}},"43":{"start":{"line":62,"column":26},"end":{"line":64,"column":3}},"44":{"start":{"line":63,"column":4},"end":{"line":63,"column":59}},"45":{"start":{"line":66,"column":29},"end":{"line":68,"column":3}},"46":{"start":{"line":67,"column":4},"end":{"line":67,"column":38}},"47":{"start":{"line":70,"column":2},"end":{"line":72,"column":3}},"48":{"start":{"line":71,"column":4},"end":{"line":71,"column":16}},"49":{"start":{"line":74,"column":20},"end":{"line":74,"column":32}},"50":{"start":{"line":76,"column":2},"end":{"line":103,"column":4}},"51":{"start":{"line":106,"column":0},"end":{"line":106,"column":19}}},"fnMap":{"0":{"name":"(anonymous_7)","decl":{"start":{"line":18,"column":22},"end":{"line":18,"column":25}},"loc":{"start":{"line":18,"column":27},"end":{"line":104,"column":1}}},"1":{"name":"(anonymous_8)","decl":{"start":{"line":22,"column":34},"end":{"line":22,"column":35}},"loc":{"start":{"line":22,"column":56},"end":{"line":22,"column":79}}},"2":{"name":"(anonymous_9)","decl":{"start":{"line":23,"column":28},"end":{"line":23,"column":29}},"loc":{"start":{"line":23,"column":50},"end":{"line":23,"column":76}}},"3":{"name":"(anonymous_10)","decl":{"start":{"line":36,"column":12},"end":{"line":36,"column":15}},"loc":{"start":{"line":36,"column":17},"end":{"line":40,"column":3}}},"4":{"name":"(anonymous_11)","decl":{"start":{"line":42,"column":12},"end":{"line":42,"column":15}},"loc":{"start":{"line":42,"column":17},"end":{"line":52,"column":3}}},"5":{"name":"(anonymous_12)","decl":{"start":{"line":54,"column":12},"end":{"line":54,"column":15}},"loc":{"start":{"line":54,"column":17},"end":{"line":60,"column":3}}},"6":{"name":"(anonymous_13)","decl":{"start":{"line":62,"column":26},"end":{"line":62,"column":27}},"loc":{"start":{"line":62,"column":48},"end":{"line":64,"column":3}}},"7":{"name":"(anonymous_14)","decl":{"start":{"line":66,"column":29},"end":{"line":66,"column":32}},"loc":{"start":{"line":66,"column":34},"end":{"line":68,"column":3}}}},"branchMap":{"0":{"loc":{"start":{"line":37,"column":4},"end":{"line":39,"column":5}},"type":"if","locations":[{"start":{"line":37,"column":4},"end":{"line":39,"column":5}}]},"1":{"loc":{"start":{"line":43,"column":4},"end":{"line":49,"column":5}},"type":"if","locations":[{"start":{"line":43,"column":4},"end":{"line":49,"column":5}},{"start":{"line":47,"column":9},"end":{"line":49,"column":5}}]},"2":{"loc":{"start":{"line":47,"column":9},"end":{"line":49,"column":5}},"type":"if","locations":[{"start":{"line":47,"column":9},"end":{"line":49,"column":5}}]},"3":{"loc":{"start":{"line":55,"column":4},"end":{"line":59,"column":5}},"type":"if","locations":[{"start":{"line":55,"column":4},"end":{"line":59,"column":5}},{"start":{"line":57,"column":11},"end":{"line":59,"column":5}}]},"4":{"loc":{"start":{"line":70,"column":2},"end":{"line":72,"column":3}},"type":"if","locations":[{"start":{"line":70,"column":2},"end":{"line":72,"column":3}}]},"5":{"loc":{"start":{"line":87,"column":11},"end":{"line":88,"column":null}},"type":"cond-expr","locations":[{"start":{"line":87,"column":23},"end":{"line":87,"column":44}},{"start":{"line":88,"column":12},"end":{"line":88,"column":65}}]},"6":{"loc":{"start":{"line":90,"column":11},"end":{"line":90,"column":50}},"type":"binary-expr","locations":[{"start":{"line":90,"column":11},"end":{"line":90,"column":16}},{"start":{"line":90,"column":20},"end":{"line":90,"column":50}}]},"7":{"loc":{"start":{"line":93,"column":11},"end":{"line":97,"column":null}},"type":"binary-expr","locations":[{"start":{"line":93,"column":11},"end":{"line":93,"column":34}},{"start":{"line":94,"column":12},"end":{"line":96,"column":null}}]}},"s":{"0":1,"1":1,"2":1,"3":1,"4":1,"5":1,"6":1,"7":1,"8":1,"9":1,"10":1,"11":1,"12":1,"13":1,"14":1,"15":1,"16":3,"17":3,"18":3,"19":5,"20":3,"21":5,"22":3,"23":3,"24":3,"25":3,"26":3,"27":3,"28":3,"29":3,"30":2,"31":1,"32":3,"33":1,"34":0,"35":0,"36":1,"37":0,"38":1,"39":3,"40":1,"41":0,"42":1,"43":3,"44":0,"45":3,"46":0,"47":3,"48":0,"49":3,"50":3,"51":1},"f":{"0":3,"1":5,"2":5,"3":2,"4":1,"5":1,"6":0,"7":0},"b":{"0":[1],"1":[0,1],"2":[0],"3":[0,1],"4":[0],"5":[3,0],"6":[3,0],"7":[3,0]}}
,"/Users/yuliaraitsyna/Frontend/rsschool-react/src/components/card/Card.tsx": {"path":"/Users/yuliaraitsyna/Frontend/rsschool-react/src/components/card/Card.tsx","statementMap":{"0":{"start":{"line":2,"column":0},"end":{"line":2,"column":19}},"1":{"start":{"line":3,"column":0},"end":{"line":3,"column":61}},"2":{"start":{"line":4,"column":0},"end":{"line":4,"column":65}},"3":{"start":{"line":5,"column":0},"end":{"line":5,"column":42}},"4":{"start":{"line":14,"column":30},"end":{"line":36,"column":1}},"5":{"start":{"line":15,"column":21},"end":{"line":15,"column":34}},"6":{"start":{"line":17,"column":29},"end":{"line":19,"column":5}},"7":{"start":{"line":18,"column":8},"end":{"line":18,"column":20}},"8":{"start":{"line":21,"column":28},"end":{"line":28,"column":5}},"9":{"start":{"line":22,"column":8},"end":{"line":27,"column":9}},"10":{"start":{"line":23,"column":12},"end":{"line":23,"column":39}},"11":{"start":{"line":26,"column":12},"end":{"line":26,"column":63}},"12":{"start":{"line":30,"column":4},"end":{"line":35,"column":null}},"13":{"start":{"line":31,"column":46},"end":{"line":31,"column":89}},"14":{"start":{"line":32,"column":160},"end":{"line":32,"column":183}},"15":{"start":{"line":38,"column":0},"end":{"line":38,"column":20}}},"fnMap":{"0":{"name":"(anonymous_1)","decl":{"start":{"line":14,"column":30},"end":{"line":14,"column":31}},"loc":{"start":{"line":14,"column":64},"end":{"line":36,"column":1}}},"1":{"name":"(anonymous_2)","decl":{"start":{"line":17,"column":29},"end":{"line":17,"column":30}},"loc":{"start":{"line":17,"column":44},"end":{"line":19,"column":5}}},"2":{"name":"(anonymous_3)","decl":{"start":{"line":21,"column":28},"end":{"line":21,"column":31}},"loc":{"start":{"line":21,"column":33},"end":{"line":28,"column":5}}},"3":{"name":"(anonymous_4)","decl":{"start":{"line":31,"column":40},"end":{"line":31,"column":43}},"loc":{"start":{"line":31,"column":46},"end":{"line":31,"column":89}}},"4":{"name":"(anonymous_5)","decl":{"start":{"line":32,"column":113},"end":{"line":32,"column":114}},"loc":{"start":{"line":32,"column":160},"end":{"line":32,"column":183}}}},"branchMap":{"0":{"loc":{"start":{"line":22,"column":8},"end":{"line":27,"column":9}},"type":"if","locations":[{"start":{"line":22,"column":8},"end":{"line":27,"column":9}},{"start":{"line":25,"column":13},"end":{"line":27,"column":9}}]}},"s":{"0":1,"1":1,"2":1,"3":1,"4":1,"5":0,"6":0,"7":0,"8":0,"9":0,"10":0,"11":0,"12":0,"13":0,"14":0,"15":1},"f":{"0":0,"1":0,"2":0,"3":0,"4":0},"b":{"0":[0,0]}}
,"/Users/yuliaraitsyna/Frontend/rsschool-react/src/components/details/Details.tsx": {"path":"/Users/yuliaraitsyna/Frontend/rsschool-react/src/components/details/Details.tsx","statementMap":{"0":{"start":{"line":2,"column":0},"end":{"line":2,"column":23}},"1":{"start":{"line":3,"column":0},"end":{"line":3,"column":65}},"2":{"start":{"line":10,"column":33},"end":{"line":44,"column":1}},"3":{"start":{"line":11,"column":45},"end":{"line":11,"column":71}},"4":{"start":{"line":13,"column":27},"end":{"line":15,"column":3}},"5":{"start":{"line":14,"column":4},"end":{"line":14,"column":14}},"6":{"start":{"line":17,"column":2},"end":{"line":19,"column":3}},"7":{"start":{"line":18,"column":4},"end":{"line":18,"column":61}},"8":{"start":{"line":21,"column":2},"end":{"line":23,"column":3}},"9":{"start":{"line":22,"column":4},"end":{"line":22,"column":71}},"10":{"start":{"line":25,"column":2},"end":{"line":27,"column":3}},"11":{"start":{"line":26,"column":4},"end":{"line":26,"column":69}},"12":{"start":{"line":29,"column":2},"end":{"line":43,"column":4}},"13":{"start":{"line":46,"column":0},"end":{"line":46,"column":23}}},"fnMap":{"0":{"name":"(anonymous_0)","decl":{"start":{"line":10,"column":33},"end":{"line":10,"column":34}},"loc":{"start":{"line":10,"column":53},"end":{"line":44,"column":1}}},"1":{"name":"(anonymous_1)","decl":{"start":{"line":13,"column":27},"end":{"line":13,"column":30}},"loc":{"start":{"line":13,"column":32},"end":{"line":15,"column":3}}}},"branchMap":{"0":{"loc":{"start":{"line":17,"column":2},"end":{"line":19,"column":3}},"type":"if","locations":[{"start":{"line":17,"column":2},"end":{"line":19,"column":3}}]},"1":{"loc":{"start":{"line":21,"column":2},"end":{"line":23,"column":3}},"type":"if","locations":[{"start":{"line":21,"column":2},"end":{"line":23,"column":3}}]},"2":{"loc":{"start":{"line":25,"column":2},"end":{"line":27,"column":3}},"type":"if","locations":[{"start":{"line":25,"column":2},"end":{"line":27,"column":3}}]}},"s":{"0":2,"1":2,"2":2,"3":6,"4":6,"5":0,"6":6,"7":2,"8":4,"9":4,"10":0,"11":0,"12":0,"13":2},"f":{"0":6,"1":0},"b":{"0":[2],"1":[4],"2":[0]}}
,"/Users/yuliaraitsyna/Frontend/rsschool-react/src/components/flyout/Flyout.tsx": {"path":"/Users/yuliaraitsyna/Frontend/rsschool-react/src/components/flyout/Flyout.tsx","statementMap":{"0":{"start":{"line":3,"column":0},"end":{"line":3,"column":55}},"1":{"start":{"line":4,"column":0},"end":{"line":4,"column":53}},"2":{"start":{"line":5,"column":0},"end":{"line":5,"column":21}},"3":{"start":{"line":6,"column":0},"end":{"line":6,"column":51}},"4":{"start":{"line":8,"column":25},"end":{"line":29,"column":1}},"5":{"start":{"line":9,"column":26},"end":{"line":9,"column":86}},"6":{"start":{"line":9,"column":60},"end":{"line":9,"column":85}},"7":{"start":{"line":10,"column":21},"end":{"line":10,"column":34}},"8":{"start":{"line":12,"column":30},"end":{"line":14,"column":5}},"9":{"start":{"line":13,"column":8},"end":{"line":13,"column":32}},"10":{"start":{"line":16,"column":27},"end":{"line":18,"column":5}},"11":{"start":{"line":17,"column":8},"end":{"line":17,"column":35}},"12":{"start":{"line":20,"column":4},"end":{"line":28,"column":null}},"13":{"start":{"line":31,"column":0},"end":{"line":31,"column":22}}},"fnMap":{"0":{"name":"(anonymous_1)","decl":{"start":{"line":8,"column":25},"end":{"line":8,"column":28}},"loc":{"start":{"line":8,"column":30},"end":{"line":29,"column":1}}},"1":{"name":"(anonymous_2)","decl":{"start":{"line":9,"column":38},"end":{"line":9,"column":39}},"loc":{"start":{"line":9,"column":60},"end":{"line":9,"column":85}}},"2":{"name":"(anonymous_3)","decl":{"start":{"line":12,"column":30},"end":{"line":12,"column":33}},"loc":{"start":{"line":12,"column":35},"end":{"line":14,"column":5}}},"3":{"name":"(anonymous_4)","decl":{"start":{"line":16,"column":27},"end":{"line":16,"column":30}},"loc":{"start":{"line":16,"column":32},"end":{"line":18,"column":5}}}},"branchMap":{"0":{"loc":{"start":{"line":21,"column":8},"end":{"line":27,"column":13}},"type":"cond-expr","locations":[{"start":{"line":22,"column":8},"end":{"line":24,"column":null}},{"start":{"line":27,"column":8},"end":{"line":27,"column":13}}]}},"s":{"0":1,"1":1,"2":1,"3":1,"4":1,"5":3,"6":5,"7":3,"8":3,"9":0,"10":3,"11":0,"12":3,"13":1},"f":{"0":3,"1":5,"2":0,"3":0},"b":{"0":[0,3]}}
,"/Users/yuliaraitsyna/Frontend/rsschool-react/src/components/list/List.tsx": {"path":"/Users/yuliaraitsyna/Frontend/rsschool-react/src/components/list/List.tsx","statementMap":{"0":{"start":{"line":3,"column":0},"end":{"line":3,"column":20}},"1":{"start":{"line":4,"column":0},"end":{"line":4,"column":50}},"2":{"start":{"line":5,"column":0},"end":{"line":5,"column":32}},"3":{"start":{"line":6,"column":0},"end":{"line":6,"column":61}},"4":{"start":{"line":7,"column":0},"end":{"line":7,"column":42}},"5":{"start":{"line":15,"column":30},"end":{"line":33,"column":1}},"6":{"start":{"line":16,"column":26},"end":{"line":16,"column":86}},"7":{"start":{"line":16,"column":60},"end":{"line":16,"column":85}},"8":{"start":{"line":17,"column":4},"end":{"line":17,"column":16}},"9":{"start":{"line":18,"column":4},"end":{"line":32,"column":6}},"10":{"start":{"line":23,"column":41},"end":{"line":23,"column":128}},"11":{"start":{"line":23,"column":68},"end":{"line":23,"column":127}},"12":{"start":{"line":24,"column":24},"end":{"line":26,"column":null}},"13":{"start":{"line":35,"column":0},"end":{"line":35,"column":20}}},"fnMap":{"0":{"name":"(anonymous_1)","decl":{"start":{"line":15,"column":30},"end":{"line":15,"column":31}},"loc":{"start":{"line":15,"column":58},"end":{"line":33,"column":1}}},"1":{"name":"(anonymous_2)","decl":{"start":{"line":16,"column":38},"end":{"line":16,"column":39}},"loc":{"start":{"line":16,"column":60},"end":{"line":16,"column":85}}},"2":{"name":"(anonymous_3)","decl":{"start":{"line":22,"column":32},"end":{"line":22,"column":33}},"loc":{"start":{"line":22,"column":43},"end":{"line":27,"column":21}}},"3":{"name":"(anonymous_4)","decl":{"start":{"line":23,"column":60},"end":{"line":23,"column":64}},"loc":{"start":{"line":23,"column":68},"end":{"line":23,"column":127}}}},"branchMap":{"0":{"loc":{"start":{"line":19,"column":8},"end":{"line":31,"column":40}},"type":"cond-expr","locations":[{"start":{"line":20,"column":12},"end":{"line":29,"column":null}},{"start":{"line":31,"column":12},"end":{"line":31,"column":40}}]}},"s":{"0":1,"1":1,"2":1,"3":1,"4":1,"5":1,"6":0,"7":0,"8":0,"9":0,"10":0,"11":0,"12":0,"13":1},"f":{"0":0,"1":0,"2":0,"3":0},"b":{"0":[0,0]}}
,"/Users/yuliaraitsyna/Frontend/rsschool-react/src/components/pagination/Pagination.tsx": {"path":"/Users/yuliaraitsyna/Frontend/rsschool-react/src/components/pagination/Pagination.tsx","statementMap":{"0":{"start":{"line":3,"column":0},"end":{"line":3,"column":55}},"1":{"start":{"line":4,"column":0},"end":{"line":4,"column":59}},"2":{"start":{"line":6,"column":29},"end":{"line":26,"column":1}},"3":{"start":{"line":7,"column":21},"end":{"line":7,"column":34}},"4":{"start":{"line":8,"column":24},"end":{"line":8,"column":82}},"5":{"start":{"line":8,"column":58},"end":{"line":8,"column":81}},"6":{"start":{"line":9,"column":23},"end":{"line":9,"column":80}},"7":{"start":{"line":9,"column":57},"end":{"line":9,"column":79}},"8":{"start":{"line":11,"column":31},"end":{"line":13,"column":5}},"9":{"start":{"line":12,"column":8},"end":{"line":12,"column":29}},"10":{"start":{"line":15,"column":27},"end":{"line":17,"column":5}},"11":{"start":{"line":16,"column":8},"end":{"line":16,"column":29}},"12":{"start":{"line":19,"column":4},"end":{"line":25,"column":null}},"13":{"start":{"line":28,"column":0},"end":{"line":28,"column":null}}},"fnMap":{"0":{"name":"(anonymous_0)","decl":{"start":{"line":6,"column":29},"end":{"line":6,"column":32}},"loc":{"start":{"line":6,"column":34},"end":{"line":26,"column":1}}},"1":{"name":"(anonymous_1)","decl":{"start":{"line":8,"column":36},"end":{"line":8,"column":37}},"loc":{"start":{"line":8,"column":58},"end":{"line":8,"column":81}}},"2":{"name":"(anonymous_2)","decl":{"start":{"line":9,"column":35},"end":{"line":9,"column":36}},"loc":{"start":{"line":9,"column":57},"end":{"line":9,"column":79}}},"3":{"name":"(anonymous_3)","decl":{"start":{"line":11,"column":31},"end":{"line":11,"column":34}},"loc":{"start":{"line":11,"column":36},"end":{"line":13,"column":5}}},"4":{"name":"(anonymous_4)","decl":{"start":{"line":15,"column":27},"end":{"line":15,"column":30}},"loc":{"start":{"line":15,"column":32},"end":{"line":17,"column":5}}}},"branchMap":{},"s":{"0":1,"1":1,"2":1,"3":0,"4":0,"5":0,"6":0,"7":0,"8":0,"9":0,"10":0,"11":0,"12":0,"13":1},"f":{"0":0,"1":0,"2":0,"3":0,"4":0},"b":{}}
,"/Users/yuliaraitsyna/Frontend/rsschool-react/src/components/search/Search.tsx": {"path":"/Users/yuliaraitsyna/Frontend/rsschool-react/src/components/search/Search.tsx","statementMap":{"0":{"start":{"line":2,"column":0},"end":{"line":2,"column":59}},"1":{"start":{"line":3,"column":0},"end":{"line":3,"column":40}},"2":{"start":{"line":4,"column":0},"end":{"line":4,"column":64}},"3":{"start":{"line":5,"column":0},"end":{"line":5,"column":42}},"4":{"start":{"line":6,"column":0},"end":{"line":6,"column":50}},"5":{"start":{"line":8,"column":25},"end":{"line":41,"column":1}},"6":{"start":{"line":9,"column":21},"end":{"line":9,"column":34}},"7":{"start":{"line":10,"column":30},"end":{"line":10,"column":64}},"8":{"start":{"line":11,"column":28},"end":{"line":11,"column":56}},"9":{"start":{"line":13,"column":30},"end":{"line":15,"column":5}},"10":{"start":{"line":14,"column":8},"end":{"line":14,"column":37}},"11":{"start":{"line":17,"column":25},"end":{"line":25,"column":5}},"12":{"start":{"line":18,"column":8},"end":{"line":18,"column":31}},"13":{"start":{"line":19,"column":8},"end":{"line":24,"column":9}},"14":{"start":{"line":20,"column":12},"end":{"line":20,"column":null}},"15":{"start":{"line":22,"column":13},"end":{"line":24,"column":9}},"16":{"start":{"line":23,"column":12},"end":{"line":23,"column":24}},"17":{"start":{"line":27,"column":4},"end":{"line":39,"column":6}},"18":{"start":{"line":43,"column":0},"end":{"line":43,"column":22}}},"fnMap":{"0":{"name":"(anonymous_1)","decl":{"start":{"line":8,"column":25},"end":{"line":8,"column":28}},"loc":{"start":{"line":8,"column":30},"end":{"line":41,"column":1}}},"1":{"name":"(anonymous_2)","decl":{"start":{"line":13,"column":30},"end":{"line":13,"column":31}},"loc":{"start":{"line":13,"column":71},"end":{"line":15,"column":5}}},"2":{"name":"(anonymous_3)","decl":{"start":{"line":17,"column":25},"end":{"line":17,"column":26}},"loc":{"start":{"line":17,"column":46},"end":{"line":25,"column":5}}}},"branchMap":{"0":{"loc":{"start":{"line":19,"column":8},"end":{"line":24,"column":9}},"type":"if","locations":[{"start":{"line":19,"column":8},"end":{"line":24,"column":9}},{"start":{"line":22,"column":13},"end":{"line":24,"column":9}}]},"1":{"loc":{"start":{"line":22,"column":13},"end":{"line":24,"column":9}},"type":"if","locations":[{"start":{"line":22,"column":13},"end":{"line":24,"column":9}}]}},"s":{"0":1,"1":1,"2":1,"3":1,"4":1,"5":1,"6":3,"7":3,"8":3,"9":3,"10":0,"11":3,"12":0,"13":0,"14":0,"15":0,"16":0,"17":3,"18":1},"f":{"0":3,"1":0,"2":0},"b":{"0":[0,0],"1":[0]}}
,"/Users/yuliaraitsyna/Frontend/rsschool-react/src/components/theme/ThemeContext.ts": {"path":"/Users/yuliaraitsyna/Frontend/rsschool-react/src/components/theme/ThemeContext.ts","statementMap":{"0":{"start":{"line":1,"column":0},"end":{"line":1,"column":38}},"1":{"start":{"line":8,"column":21},"end":{"line":8,"column":76}},"2":{"start":{"line":11,"column":0},"end":{"line":11,"column":28}}},"fnMap":{},"branchMap":{},"s":{"0":1,"1":1,"2":1},"f":{},"b":{}}
,"/Users/yuliaraitsyna/Frontend/rsschool-react/src/components/theme/ThemeProvider.tsx": {"path":"/Users/yuliaraitsyna/Frontend/rsschool-react/src/components/theme/ThemeProvider.tsx","statementMap":{"0":{"start":{"line":1,"column":0},"end":{"line":1,"column":33}},"1":{"start":{"line":2,"column":0},"end":{"line":2,"column":42}},"2":{"start":{"line":8,"column":52},"end":{"line":20,"column":1}},"3":{"start":{"line":9,"column":30},"end":{"line":9,"column":46}},"4":{"start":{"line":11,"column":24},"end":{"line":13,"column":5}},"5":{"start":{"line":12,"column":6},"end":{"line":12,"column":72}},"6":{"start":{"line":12,"column":29},"end":{"line":12,"column":69}},"7":{"start":{"line":15,"column":4},"end":{"line":19,"column":6}},"8":{"start":{"line":22,"column":0},"end":{"line":22,"column":29}}},"fnMap":{"0":{"name":"(anonymous_1)","decl":{"start":{"line":8,"column":52},"end":{"line":8,"column":53}},"loc":{"start":{"line":8,"column":69},"end":{"line":20,"column":1}}},"1":{"name":"(anonymous_2)","decl":{"start":{"line":11,"column":24},"end":{"line":11,"column":27}},"loc":{"start":{"line":11,"column":29},"end":{"line":13,"column":5}}},"2":{"name":"(anonymous_3)","decl":{"start":{"line":12,"column":15},"end":{"line":12,"column":24}},"loc":{"start":{"line":12,"column":29},"end":{"line":12,"column":69}}}},"branchMap":{"0":{"loc":{"start":{"line":12,"column":29},"end":{"line":12,"column":69}},"type":"cond-expr","locations":[{"start":{"line":12,"column":53},"end":{"line":12,"column":59}},{"start":{"line":12,"column":62},"end":{"line":12,"column":69}}]}},"s":{"0":1,"1":1,"2":1,"3":1,"4":1,"5":0,"6":0,"7":1,"8":1},"f":{"0":1,"1":0,"2":0},"b":{"0":[0,0]}}
,"/Users/yuliaraitsyna/Frontend/rsschool-react/src/components/theme/ThemeToggleButton.tsx": {"path":"/Users/yuliaraitsyna/Frontend/rsschool-react/src/components/theme/ThemeToggleButton.tsx","statementMap":{"0":{"start":{"line":1,"column":0},"end":{"line":1,"column":42}},"1":{"start":{"line":2,"column":0},"end":{"line":2,"column":42}},"2":{"start":{"line":4,"column":36},"end":{"line":18,"column":1}},"3":{"start":{"line":5,"column":23},"end":{"line":5,"column":47}},"4":{"start":{"line":7,"column":2},"end":{"line":9,"column":3}},"5":{"start":{"line":8,"column":4},"end":{"line":8,"column":16}},"6":{"start":{"line":11,"column":33},"end":{"line":11,"column":45}},"7":{"start":{"line":13,"column":2},"end":{"line":17,"column":4}},"8":{"start":{"line":20,"column":0},"end":{"line":20,"column":33}}},"fnMap":{"0":{"name":"(anonymous_1)","decl":{"start":{"line":4,"column":36},"end":{"line":4,"column":39}},"loc":{"start":{"line":4,"column":41},"end":{"line":18,"column":1}}}},"branchMap":{"0":{"loc":{"start":{"line":7,"column":2},"end":{"line":9,"column":3}},"type":"if","locations":[{"start":{"line":7,"column":2},"end":{"line":9,"column":3}}]},"1":{"loc":{"start":{"line":15,"column":17},"end":{"line":15,"column":53}},"type":"cond-expr","locations":[{"start":{"line":15,"column":37},"end":{"line":15,"column":43}},{"start":{"line":15,"column":46},"end":{"line":15,"column":53}}]}},"s":{"0":1,"1":1,"2":1,"3":3,"4":3,"5":0,"6":3,"7":3,"8":1},"f":{"0":3},"b":{"0":[0],"1":[0,3]}}
,"/Users/yuliaraitsyna/Frontend/rsschool-react/src/error_handling/ErrorButton.tsx": {"path":"/Users/yuliaraitsyna/Frontend/rsschool-react/src/error_handling/ErrorButton.tsx","statementMap":{"0":{"start":{"line":1,"column":0},"end":{"line":1,"column":26}},"1":{"start":{"line":3,"column":30},"end":{"line":15,"column":1}},"2":{"start":{"line":4,"column":36},"end":{"line":4,"column":57}},"3":{"start":{"line":6,"column":4},"end":{"line":8,"column":5}},"4":{"start":{"line":7,"column":8},"end":{"line":7,"column":48}},"5":{"start":{"line":10,"column":4},"end":{"line":14,"column":6}},"6":{"start":{"line":11,"column":31},"end":{"line":11,"column":48}},"7":{"start":{"line":17,"column":0},"end":{"line":17,"column":27}}},"fnMap":{"0":{"name":"(anonymous_1)","decl":{"start":{"line":3,"column":30},"end":{"line":3,"column":33}},"loc":{"start":{"line":3,"column":35},"end":{"line":15,"column":1}}},"1":{"name":"(anonymous_2)","decl":{"start":{"line":11,"column":25},"end":{"line":11,"column":28}},"loc":{"start":{"line":11,"column":31},"end":{"line":11,"column":48}}}},"branchMap":{"0":{"loc":{"start":{"line":6,"column":4},"end":{"line":8,"column":5}},"type":"if","locations":[{"start":{"line":6,"column":4},"end":{"line":8,"column":5}}]}},"s":{"0":1,"1":1,"2":3,"3":3,"4":0,"5":3,"6":0,"7":1},"f":{"0":3,"1":0},"b":{"0":[0]}}
,"/Users/yuliaraitsyna/Frontend/rsschool-react/src/mocks/mockPeople.ts": {"path":"/Users/yuliaraitsyna/Frontend/rsschool-react/src/mocks/mockPeople.ts","statementMap":{"0":{"start":{"line":1,"column":13},"end":{"line":24,"column":4}}},"fnMap":{},"branchMap":{},"s":{"0":1},"f":{},"b":{}}
,"/Users/yuliaraitsyna/Frontend/rsschool-react/src/models/downloadCSV.ts": {"path":"/Users/yuliaraitsyna/Frontend/rsschool-react/src/models/downloadCSV.ts","statementMap":{"0":{"start":{"line":3,"column":20},"end":{"line":21,"column":1}},"1":{"start":{"line":4,"column":4},"end":{"line":4,"column":43}},"2":{"start":{"line":6,"column":20},"end":{"line":6,"column":50}},"3":{"start":{"line":7,"column":17},"end":{"line":9,"column":6}},"4":{"start":{"line":8,"column":8},"end":{"line":8,"column":47}},"5":{"start":{"line":11,"column":19},"end":{"line":11,"column":48}},"6":{"start":{"line":12,"column":17},"end":{"line":12,"column":55}},"7":{"start":{"line":13,"column":16},"end":{"line":13,"column":41}},"8":{"start":{"line":15,"column":14},"end":{"line":15,"column":41}},"9":{"start":{"line":16,"column":4},"end":{"line":16,"column":17}},"10":{"start":{"line":17,"column":4},"end":{"line":17,"column":26}},"11":{"start":{"line":18,"column":4},"end":{"line":18,"column":33}},"12":{"start":{"line":19,"column":4},"end":{"line":19,"column":14}},"13":{"start":{"line":20,"column":4},"end":{"line":20,"column":33}},"14":{"start":{"line":23,"column":0},"end":{"line":23,"column":27}}},"fnMap":{"0":{"name":"(anonymous_0)","decl":{"start":{"line":3,"column":20},"end":{"line":3,"column":21}},"loc":{"start":{"line":3,"column":70},"end":{"line":21,"column":1}}},"1":{"name":"(anonymous_1)","decl":{"start":{"line":7,"column":26},"end":{"line":7,"column":32}},"loc":{"start":{"line":7,"column":35},"end":{"line":9,"column":5}}}},"branchMap":{"0":{"loc":{"start":{"line":3,"column":37},"end":{"line":3,"column":66}},"type":"default-arg","locations":[{"start":{"line":3,"column":56},"end":{"line":3,"column":66}}]}},"s":{"0":1,"1":0,"2":0,"3":0,"4":0,"5":0,"6":0,"7":0,"8":0,"9":0,"10":0,"11":0,"12":0,"13":0,"14":1},"f":{"0":0,"1":0},"b":{"0":[0]}}
,"/Users/yuliaraitsyna/Frontend/rsschool-react/src/models/extractIdFromUrl.ts": {"path":"/Users/yuliaraitsyna/Frontend/rsschool-react/src/models/extractIdFromUrl.ts","statementMap":{"0":{"start":{"line":1,"column":25},"end":{"line":5,"column":1}},"1":{"start":{"line":2,"column":18},"end":{"line":2,"column":32}},"2":{"start":{"line":3,"column":15},"end":{"line":3,"column":38}},"3":{"start":{"line":4,"column":4},"end":{"line":4,"column":28}},"4":{"start":{"line":7,"column":0},"end":{"line":7,"column":32}}},"fnMap":{"0":{"name":"(anonymous_0)","decl":{"start":{"line":1,"column":25},"end":{"line":1,"column":26}},"loc":{"start":{"line":1,"column":49},"end":{"line":5,"column":1}}}},"branchMap":{},"s":{"0":2,"1":0,"2":0,"3":0,"4":2},"f":{"0":0},"b":{}}
,"/Users/yuliaraitsyna/Frontend/rsschool-react/src/models/useLocalStorage.ts": {"path":"/Users/yuliaraitsyna/Frontend/rsschool-react/src/models/useLocalStorage.ts","statementMap":{"0":{"start":{"line":1,"column":0},"end":{"line":1,"column":26}},"1":{"start":{"line":4,"column":21},"end":{"line":4,"column":50}},"2":{"start":{"line":6,"column":30},"end":{"line":12,"column":6}},"3":{"start":{"line":7,"column":8},"end":{"line":10,"column":9}},"4":{"start":{"line":8,"column":32},"end":{"line":8,"column":57}},"5":{"start":{"line":9,"column":12},"end":{"line":9,"column":72}},"6":{"start":{"line":11,"column":8},"end":{"line":11,"column":28}},"7":{"start":{"line":14,"column":4},"end":{"line":22,"column":31}},"8":{"start":{"line":15,"column":8},"end":{"line":21,"column":9}},"9":{"start":{"line":16,"column":12},"end":{"line":20,"column":13}},"10":{"start":{"line":17,"column":16},"end":{"line":17,"column":65}},"11":{"start":{"line":19,"column":16},"end":{"line":19,"column":81}},"12":{"start":{"line":24,"column":4},"end":{"line":30,"column":31}},"13":{"start":{"line":25,"column":8},"end":{"line":29,"column":10}},"14":{"start":{"line":26,"column":12},"end":{"line":28,"column":13}},"15":{"start":{"line":27,"column":16},"end":{"line":27,"column":65}},"16":{"start":{"line":32,"column":4},"end":{"line":32,"column":29}},"17":{"start":{"line":35,"column":0},"end":{"line":35,"column":31}}},"fnMap":{"0":{"name":"useLocalStorage","decl":{"start":{"line":3,"column":9},"end":{"line":3,"column":24}},"loc":{"start":{"line":3,"column":58},"end":{"line":33,"column":1}}},"1":{"name":"(anonymous_2)","decl":{"start":{"line":6,"column":53},"end":{"line":6,"column":56}},"loc":{"start":{"line":6,"column":58},"end":{"line":12,"column":5}}},"2":{"name":"(anonymous_3)","decl":{"start":{"line":14,"column":20},"end":{"line":14,"column":23}},"loc":{"start":{"line":14,"column":25},"end":{"line":22,"column":5}}},"3":{"name":"(anonymous_4)","decl":{"start":{"line":24,"column":20},"end":{"line":24,"column":23}},"loc":{"start":{"line":24,"column":25},"end":{"line":30,"column":5}}},"4":{"name":"(anonymous_5)","decl":{"start":{"line":25,"column":15},"end":{"line":25,"column":18}},"loc":{"start":{"line":25,"column":20},"end":{"line":29,"column":9}}}},"branchMap":{"0":{"loc":{"start":{"line":7,"column":8},"end":{"line":10,"column":9}},"type":"if","locations":[{"start":{"line":7,"column":8},"end":{"line":10,"column":9}}]},"1":{"loc":{"start":{"line":9,"column":19},"end":{"line":9,"column":71}},"type":"cond-expr","locations":[{"start":{"line":9,"column":33},"end":{"line":9,"column":56}},{"start":{"line":9,"column":59},"end":{"line":9,"column":71}}]},"2":{"loc":{"start":{"line":15,"column":8},"end":{"line":21,"column":9}},"type":"if","locations":[{"start":{"line":15,"column":8},"end":{"line":21,"column":9}}]},"3":{"loc":{"start":{"line":26,"column":12},"end":{"line":28,"column":13}},"type":"if","locations":[{"start":{"line":26,"column":12},"end":{"line":28,"column":13}}]}},"s":{"0":1,"1":3,"2":3,"3":1,"4":1,"5":1,"6":0,"7":3,"8":1,"9":1,"10":1,"11":0,"12":3,"13":1,"14":1,"15":1,"16":3,"17":1},"f":{"0":3,"1":1,"2":1,"3":1,"4":1},"b":{"0":[1],"1":[0,1],"2":[1],"3":[1]}}
,"/Users/yuliaraitsyna/Frontend/rsschool-react/src/redux/cardsSlice.ts": {"path":"/Users/yuliaraitsyna/Frontend/rsschool-react/src/redux/cardsSlice.ts","statementMap":{"0":{"start":{"line":1,"column":0},"end":{"line":1,"column":62}},"1":{"start":{"line":3,"column":0},"end":{"line":3,"column":58}},"2":{"start":{"line":10,"column":33},"end":{"line":13,"column":null}},"3":{"start":{"line":15,"column":13},"end":{"line":32,"column":3}},"4":{"start":{"line":20,"column":12},"end":{"line":20,"column":53}},"5":{"start":{"line":23,"column":12},"end":{"line":23,"column":50}},"6":{"start":{"line":26,"column":12},"end":{"line":26,"column":116}},"7":{"start":{"line":26,"column":69},"end":{"line":26,"column":114}},"8":{"start":{"line":29,"column":12},"end":{"line":29,"column":37}},"9":{"start":{"line":34,"column":13},"end":{"line":34,"column":67}},"10":{"start":{"line":35,"column":0},"end":{"line":35,"column":26}}},"fnMap":{"0":{"name":"(anonymous_1)","decl":{"start":{"line":19,"column":20},"end":{"line":19,"column":21}},"loc":{"start":{"line":19,"column":61},"end":{"line":21,"column":9}}},"1":{"name":"(anonymous_2)","decl":{"start":{"line":22,"column":18},"end":{"line":22,"column":19}},"loc":{"start":{"line":22,"column":61},"end":{"line":24,"column":9}}},"2":{"name":"(anonymous_3)","decl":{"start":{"line":25,"column":22},"end":{"line":25,"column":23}},"loc":{"start":{"line":25,"column":63},"end":{"line":27,"column":9}}},"3":{"name":"(anonymous_4)","decl":{"start":{"line":26,"column":61},"end":{"line":26,"column":65}},"loc":{"start":{"line":26,"column":69},"end":{"line":26,"column":114}}},"4":{"name":"(anonymous_5)","decl":{"start":{"line":28,"column":21},"end":{"line":28,"column":22}},"loc":{"start":{"line":28,"column":31},"end":{"line":30,"column":9}}}},"branchMap":{},"s":{"0":2,"1":2,"2":2,"3":2,"4":0,"5":0,"6":0,"7":0,"8":0,"9":2,"10":2},"f":{"0":0,"1":0,"2":0,"3":0,"4":0},"b":{}}
,"/Users/yuliaraitsyna/Frontend/rsschool-react/src/redux/pageSlice.ts": {"path":"/Users/yuliaraitsyna/Frontend/rsschool-react/src/redux/pageSlice.ts","statementMap":{"0":{"start":{"line":1,"column":0},"end":{"line":1,"column":62}},"1":{"start":{"line":8,"column":32},"end":{"line":11,"column":null}},"2":{"start":{"line":13,"column":13},"end":{"line":31,"column":3}},"3":{"start":{"line":18,"column":12},"end":{"line":18,"column":46}},"4":{"start":{"line":21,"column":12},"end":{"line":23,"column":13}},"5":{"start":{"line":22,"column":16},"end":{"line":22,"column":36}},"6":{"start":{"line":26,"column":12},"end":{"line":28,"column":13}},"7":{"start":{"line":27,"column":16},"end":{"line":27,"column":36}},"8":{"start":{"line":33,"column":13},"end":{"line":33,"column":53}},"9":{"start":{"line":34,"column":0},"end":{"line":34,"column":25}}},"fnMap":{"0":{"name":"(anonymous_0)","decl":{"start":{"line":17,"column":23},"end":{"line":17,"column":24}},"loc":{"start":{"line":17,"column":64},"end":{"line":19,"column":9}}},"1":{"name":"(anonymous_1)","decl":{"start":{"line":20,"column":18},"end":{"line":20,"column":19}},"loc":{"start":{"line":20,"column":28},"end":{"line":24,"column":9}}},"2":{"name":"(anonymous_2)","decl":{"start":{"line":25,"column":18},"end":{"line":25,"column":19}},"loc":{"start":{"line":25,"column":28},"end":{"line":29,"column":9}}}},"branchMap":{"0":{"loc":{"start":{"line":21,"column":12},"end":{"line":23,"column":13}},"type":"if","locations":[{"start":{"line":21,"column":12},"end":{"line":23,"column":13}}]},"1":{"loc":{"start":{"line":26,"column":12},"end":{"line":28,"column":13}},"type":"if","locations":[{"start":{"line":26,"column":12},"end":{"line":28,"column":13}}]}},"s":{"0":2,"1":2,"2":2,"3":0,"4":0,"5":0,"6":0,"7":0,"8":2,"9":2},"f":{"0":0,"1":0,"2":0},"b":{"0":[0],"1":[0]}}
,"/Users/yuliaraitsyna/Frontend/rsschool-react/src/redux/starWarsAPI.ts": {"path":"/Users/yuliaraitsyna/Frontend/rsschool-react/src/redux/starWarsAPI.ts","statementMap":{"0":{"start":{"line":1,"column":0},"end":{"line":1,"column":73}},"1":{"start":{"line":4,"column":13},"end":{"line":18,"column":3}},"2":{"start":{"line":7,"column":27},"end":{"line":17,"column":4}},"3":{"start":{"line":9,"column":23},"end":{"line":9,"column":39}},"4":{"start":{"line":12,"column":25},"end":{"line":12,"column":43}},"5":{"start":{"line":15,"column":23},"end":{"line":15,"column":32}},"6":{"start":{"line":20,"column":15},"end":{"line":20,"column":100}}},"fnMap":{"0":{"name":"(anonymous_0)","decl":{"start":{"line":7,"column":13},"end":{"line":7,"column":14}},"loc":{"start":{"line":7,"column":27},"end":{"line":17,"column":4}}},"1":{"name":"(anonymous_1)","decl":{"start":{"line":9,"column":13},"end":{"line":9,"column":14}},"loc":{"start":{"line":9,"column":23},"end":{"line":9,"column":39}}},"2":{"name":"(anonymous_2)","decl":{"start":{"line":12,"column":15},"end":{"line":12,"column":16}},"loc":{"start":{"line":12,"column":25},"end":{"line":12,"column":43}}},"3":{"name":"(anonymous_3)","decl":{"start":{"line":15,"column":15},"end":{"line":15,"column":16}},"loc":{"start":{"line":15,"column":23},"end":{"line":15,"column":32}}}},"branchMap":{},"s":{"0":2,"1":2,"2":2,"3":1,"4":1,"5":2,"6":2},"f":{"0":2,"1":1,"2":1,"3":2},"b":{}}
,"/Users/yuliaraitsyna/Frontend/rsschool-react/src/redux/store.ts": {"path":"/Users/yuliaraitsyna/Frontend/rsschool-react/src/redux/store.ts","statementMap":{"0":{"start":{"line":1,"column":0},"end":{"line":1,"column":50}},"1":{"start":{"line":2,"column":0},"end":{"line":2,"column":38}},"2":{"start":{"line":3,"column":0},"end":{"line":3,"column":36}},"3":{"start":{"line":4,"column":0},"end":{"line":4,"column":44}},"4":{"start":{"line":6,"column":14},"end":{"line":14,"column":2}},"5":{"start":{"line":13,"column":4},"end":{"line":13,"column":57}},"6":{"start":{"line":17,"column":0},"end":{"line":17,"column":21}}},"fnMap":{"0":{"name":"(anonymous_1)","decl":{"start":{"line":12,"column":14},"end":{"line":12,"column":15}},"loc":{"start":{"line":13,"column":4},"end":{"line":13,"column":57}}}},"branchMap":{},"s":{"0":2,"1":2,"2":2,"3":2,"4":2,"5":2,"6":2},"f":{"0":2},"b":{}}
}
