TN:
SF:src/App.tsx
FN:18,(anonymous_7)
FN:22,(anonymous_8)
FN:23,(anonymous_9)
FN:36,(anonymous_10)
FN:42,(anonymous_11)
FN:54,(anonymous_12)
FN:62,(anonymous_13)
FN:66,(anonymous_14)
FNF:8
FNH:6
FNDA:3,(anonymous_7)
FNDA:5,(anonymous_8)
FNDA:5,(anonymous_9)
FNDA:2,(anonymous_10)
FNDA:1,(anonymous_11)
FNDA:1,(anonymous_12)
FNDA:0,(anonymous_13)
FNDA:0,(anonymous_14)
DA:1,1
DA:2,1
DA:3,1
DA:4,1
DA:5,1
DA:6,1
DA:7,1
DA:8,1
DA:9,1
DA:10,1
DA:11,1
DA:13,1
DA:14,1
DA:15,1
DA:16,1
DA:18,1
DA:19,3
DA:20,3
DA:22,5
DA:23,5
DA:25,3
DA:27,3
DA:28,3
DA:30,3
DA:31,3
DA:32,3
DA:34,3
DA:36,3
DA:37,2
DA:38,1
DA:42,3
DA:43,1
DA:44,0
DA:45,0
DA:47,1
DA:48,0
DA:51,1
DA:54,3
DA:55,1
DA:56,0
DA:58,1
DA:62,3
DA:63,0
DA:66,3
DA:67,0
DA:70,3
DA:71,0
DA:74,3
DA:76,3
DA:106,1
LF:50
LH:43
BRDA:37,0,0,1
BRDA:43,1,0,0
BRDA:43,1,1,1
BRDA:47,2,0,0
BRDA:55,3,0,0
BRDA:55,3,1,1
BRDA:70,4,0,0
BRDA:87,5,0,3
BRDA:87,5,1,0
BRDA:90,6,0,3
BRDA:90,6,1,0
BRDA:93,7,0,3
BRDA:93,7,1,0
BRF:13
BRH:6
end_of_record
TN:
SF:src/components/card/Card.tsx
FN:14,(anonymous_1)
FN:17,(anonymous_2)
FN:21,(anonymous_3)
FN:31,(anonymous_4)
FN:32,(anonymous_5)
FNF:5
FNH:0
FNDA:0,(anonymous_1)
FNDA:0,(anonymous_2)
FNDA:0,(anonymous_3)
FNDA:0,(anonymous_4)
FNDA:0,(anonymous_5)
DA:2,1
DA:3,1
DA:4,1
DA:5,1
DA:14,1
DA:15,0
DA:17,0
DA:18,0
DA:21,0
DA:22,0
DA:23,0
DA:26,0
DA:30,0
DA:31,0
DA:32,0
DA:38,1
LF:16
LH:6
BRDA:22,0,0,0
BRDA:22,0,1,0
BRF:2
BRH:0
end_of_record
TN:
SF:src/components/details/Details.tsx
FN:10,(anonymous_0)
FN:13,(anonymous_1)
FNF:2
FNH:1
FNDA:6,(anonymous_0)
FNDA:0,(anonymous_1)
DA:2,2
DA:3,2
DA:10,2
DA:11,6
DA:13,6
DA:14,0
DA:17,6
DA:18,2
DA:21,4
DA:22,4
DA:25,0
DA:26,0
DA:29,0
DA:46,2
LF:14
LH:10
BRDA:17,0,0,2
BRDA:21,1,0,4
BRDA:25,2,0,0
BRF:3
BRH:2
end_of_record
TN:
SF:src/components/flyout/Flyout.tsx
FN:8,(anonymous_1)
FN:9,(anonymous_2)
FN:12,(anonymous_3)
FN:16,(anonymous_4)
FNF:4
FNH:2
FNDA:3,(anonymous_1)
FNDA:5,(anonymous_2)
FNDA:0,(anonymous_3)
FNDA:0,(anonymous_4)
DA:3,1
DA:4,1
DA:5,1
DA:6,1
DA:8,1
DA:9,5
DA:10,3
DA:12,3
DA:13,0
DA:16,3
DA:17,0
DA:20,3
DA:31,1
LF:13
LH:11
BRDA:21,0,0,0
BRDA:21,0,1,3
BRF:2
BRH:1
end_of_record
TN:
SF:src/components/list/List.tsx
FN:15,(anonymous_1)
FN:16,(anonymous_2)
FN:22,(anonymous_3)
FN:23,(anonymous_4)
FNF:4
FNH:0
FNDA:0,(anonymous_1)
FNDA:0,(anonymous_2)
FNDA:0,(anonymous_3)
FNDA:0,(anonymous_4)
DA:3,1
DA:4,1
DA:5,1
DA:6,1
DA:7,1
DA:15,1
DA:16,0
DA:17,0
DA:18,0
DA:23,0
DA:24,0
DA:35,1
LF:12
LH:7
BRDA:19,0,0,0
BRDA:19,0,1,0
BRF:2
BRH:0
end_of_record
TN:
SF:src/components/pagination/Pagination.tsx
FN:6,(anonymous_0)
FN:8,(anonymous_1)
FN:9,(anonymous_2)
FN:11,(anonymous_3)
FN:15,(anonymous_4)
FNF:5
FNH:0
FNDA:0,(anonymous_0)
FNDA:0,(anonymous_1)
FNDA:0,(anonymous_2)
FNDA:0,(anonymous_3)
FNDA:0,(anonymous_4)
DA:3,1
DA:4,1
DA:6,1
DA:7,0
DA:8,0
DA:9,0
DA:11,0
DA:12,0
DA:15,0
DA:16,0
DA:19,0
DA:28,1
LF:12
LH:4
BRF:0
BRH:0
end_of_record
TN:
SF:src/components/search/Search.tsx
FN:8,(anonymous_1)
FN:13,(anonymous_2)
FN:17,(anonymous_3)
FNF:3
FNH:1
FNDA:3,(anonymous_1)
FNDA:0,(anonymous_2)
FNDA:0,(anonymous_3)
DA:2,1
DA:3,1
DA:4,1
DA:5,1
DA:6,1
DA:8,1
DA:9,3
DA:10,3
DA:11,3
DA:13,3
DA:14,0
DA:17,3
DA:18,0
DA:19,0
DA:20,0
DA:22,0
DA:23,0
DA:27,3
DA:43,1
LF:19
LH:13
BRDA:19,0,0,0
BRDA:19,0,1,0
BRDA:22,1,0,0
BRF:3
BRH:0
end_of_record
TN:
SF:src/components/theme/ThemeContext.ts
FNF:0
FNH:0
DA:1,1
DA:8,1
DA:11,1
LF:3
LH:3
BRF:0
BRH:0
end_of_record
TN:
SF:src/components/theme/ThemeProvider.tsx
FN:8,(anonymous_1)
FN:11,(anonymous_2)
FN:12,(anonymous_3)
FNF:3
FNH:1
FNDA:1,(anonymous_1)
FNDA:0,(anonymous_2)
FNDA:0,(anonymous_3)
DA:1,1
DA:2,1
DA:8,1
DA:9,1
DA:11,1
DA:12,0
DA:15,1
DA:22,1
LF:8
LH:7
BRDA:12,0,0,0
BRDA:12,0,1,0
BRF:2
BRH:0
end_of_record
TN:
SF:src/components/theme/ThemeToggleButton.tsx
FN:4,(anonymous_1)
FNF:1
FNH:1
FNDA:3,(anonymous_1)
DA:1,1
DA:2,1
DA:4,1
DA:5,3
DA:7,3
DA:8,0
DA:11,3
DA:13,3
DA:20,1
LF:9
LH:8
BRDA:7,0,0,0
BRDA:15,1,0,0
BRDA:15,1,1,3
BRF:3
BRH:1
end_of_record
TN:
SF:src/error_handling/ErrorButton.tsx
FN:3,(anonymous_1)
FN:11,(anonymous_2)
FNF:2
FNH:1
FNDA:3,(anonymous_1)
FNDA:0,(anonymous_2)
DA:1,1
DA:3,1
DA:4,3
DA:6,3
DA:7,0
DA:10,3
DA:11,0
DA:17,1
LF:8
LH:6
BRDA:6,0,0,0
BRF:1
BRH:0
end_of_record
TN:
SF:src/mocks/mockPeople.ts
FNF:0
FNH:0
DA:1,1
LF:1
LH:1
BRF:0
BRH:0
end_of_record
TN:
SF:src/models/downloadCSV.ts
FN:3,(anonymous_0)
FN:7,(anonymous_1)
FNF:2
FNH:0
FNDA:0,(anonymous_0)
FNDA:0,(anonymous_1)
DA:3,1
DA:4,0
DA:6,0
DA:7,0
DA:8,0
DA:11,0
DA:12,0
DA:13,0
DA:15,0
DA:16,0
DA:17,0
DA:18,0
DA:19,0
DA:20,0
DA:23,1
LF:15
LH:2
BRDA:3,0,0,0
BRF:1
BRH:0
end_of_record
TN:
SF:src/models/extractIdFromUrl.ts
FN:1,(anonymous_0)
FNF:1
FNH:0
FNDA:0,(anonymous_0)
DA:1,2
DA:2,0
DA:3,0
DA:4,0
DA:7,2
LF:5
LH:2
BRF:0
BRH:0
end_of_record
TN:
SF:src/models/useLocalStorage.ts
FN:3,useLocalStorage
FN:6,(anonymous_2)
FN:14,(anonymous_3)
FN:24,(anonymous_4)
FN:25,(anonymous_5)
FNF:5
FNH:5
FNDA:3,useLocalStorage
FNDA:1,(anonymous_2)
FNDA:1,(anonymous_3)
FNDA:1,(anonymous_4)
FNDA:1,(anonymous_5)
DA:1,1
DA:4,3
DA:6,3
DA:7,1
DA:8,1
DA:9,1
DA:11,0
DA:14,3
DA:15,1
DA:16,1
DA:17,1
DA:19,0
DA:24,3
DA:25,1
DA:26,1
DA:27,1
DA:32,3
DA:35,1
LF:18
LH:16
BRDA:7,0,0,1
BRDA:9,1,0,0
BRDA:9,1,1,1
BRDA:15,2,0,1
BRDA:26,3,0,1
BRF:5
BRH:4
end_of_record
TN:
SF:src/redux/cardsSlice.ts
FN:19,(anonymous_1)
FN:22,(anonymous_2)
FN:25,(anonymous_3)
FN:26,(anonymous_4)
FN:28,(anonymous_5)
FNF:5
FNH:0
FNDA:0,(anonymous_1)
FNDA:0,(anonymous_2)
FNDA:0,(anonymous_3)
FNDA:0,(anonymous_4)
FNDA:0,(anonymous_5)
DA:1,2
DA:3,2
DA:10,2
DA:15,2
DA:20,0
DA:23,0
DA:26,0
DA:29,0
DA:34,2
DA:35,2
LF:10
LH:6
BRF:0
BRH:0
end_of_record
TN:
SF:src/redux/pageSlice.ts
FN:17,(anonymous_0)
FN:20,(anonymous_1)
FN:25,(anonymous_2)
FNF:3
FNH:0
FNDA:0,(anonymous_0)
FNDA:0,(anonymous_1)
FNDA:0,(anonymous_2)
DA:1,2
DA:8,2
DA:13,2
DA:18,0
DA:21,0
DA:22,0
DA:26,0
DA:27,0
DA:33,2
DA:34,2
LF:10
LH:5
BRDA:21,0,0,0
BRDA:26,1,0,0
BRF:2
BRH:0
end_of_record
TN:
SF:src/redux/starWarsAPI.ts
FN:7,(anonymous_0)
FN:9,(anonymous_1)
FN:12,(anonymous_2)
FN:15,(anonymous_3)
FNF:4
FNH:4
FNDA:2,(anonymous_0)
FNDA:1,(anonymous_1)
FNDA:1,(anonymous_2)
FNDA:2,(anonymous_3)
DA:1,2
DA:4,2
DA:7,2
DA:9,1
DA:12,1
DA:15,2
DA:20,2
LF:7
LH:7
BRF:0
BRH:0
end_of_record
TN:
SF:src/redux/store.ts
FN:12,(anonymous_1)
FNF:1
FNH:1
FNDA:2,(anonymous_1)
DA:1,2
DA:2,2
DA:3,2
DA:4,2
DA:6,2
DA:13,2
DA:17,2
LF:7
LH:7
BRF:0
BRH:0
end_of_record
